<?xml version="1.0" encoding="UTF-8"?>
<!-- Generated by org.testng.reporters.JUnitReportReporter -->
<testsuite skipped="0" hostname="DESKTOP-U4VS8FJ" name="mavensampleproject.Selenium2Test" tests="2" failures="0" timestamp="2020-04-07T20:46:04 IST" time="0.006" errors="0">
  <testcase name="demoTest2" time="0.005" classname="mavensampleproject.Selenium2Test"/>
  <system-out/>
  <testcase name="demoTest1" time="0.001" classname="mavensampleproject.Selenium2Test"/>
  <system-out/>
</testsuite> <!-- mavensampleproject.Selenium2Test -->
