<?xml version="1.0" encoding="UTF-8"?>
<!-- Generated by org.testng.reporters.JUnitReportReporter -->
<testsuite skipped="0" hostname="DESKTOP-U4VS8FJ" name="mavensampleproject.SeleniumTest" tests="2" failures="0" timestamp="2020-04-07T20:44:29 IST" time="0.001" errors="0">
  <testcase name="elementUI" time="0.001" classname="mavensampleproject.SeleniumTest"/>
  <system-out/>
  <testcase name="browserAutomation" time="0.000" classname="mavensampleproject.SeleniumTest"/>
  <system-out/>
</testsuite> <!-- mavensampleproject.SeleniumTest -->
