<?xml version="1.0" encoding="UTF-8"?>
<!-- Generated by org.testng.reporters.JUnitReportReporter -->
<testsuite skipped="0" hostname="DESKTOP-U4VS8FJ" name="mavensampleproject.Selenium3Test" tests="2" failures="0" timestamp="2020-04-07T20:46:04 IST" time="0.015" errors="0">
  <testcase name="testCase2" time="0.000" classname="mavensampleproject.Selenium3Test"/>
  <system-out/>
  <testcase name="testCase1" time="0.015" classname="mavensampleproject.Selenium3Test"/>
  <system-out/>
</testsuite> <!-- mavensampleproject.Selenium3Test -->
